<?xml version="1.0" encoding="UTF-8"?>
<!-- Generated by org.testng.reporters.JUnitXMLReporter -->
<testsuite ignored="0" hostname="DESKTOP-DRNN7PA" failures="1" tests="1" name="Test" time="5.944" errors="0" timestamp="2024-09-06T17:07:54 IST">
  <testcase classname="testCases.TC005_AddToCart" name="verify_AddToCart" time="2.203">
    <failure type="java.lang.AssertionError" message="null">
      <![CDATA[java.lang.AssertionError: null
at testCases.TC005_AddToCart.verify_AddToCart(TC005_AddToCart.java:35)
at java.base/java.util.ArrayList.forEach(ArrayList.java:1596)
... Removed 27 stack frames]]>
    </failure>
  </testcase> <!-- verify_AddToCart -->
</testsuite> <!-- Test -->
